[2026-06-12 00:57:52] ━━━━━━━━━━━━━━━━━━━━━━━━━━━━━━━━━━━━━━━━━━━━━━━━━━━━
[2026-06-12 00:57:52] Campus Connect Backup — DAILY — 20260612_005751
[2026-06-12 00:57:52] ━━━━━━━━━━━━━━━━━━━━━━━━━━━━━━━━━━━━━━━━━━━━━━━━━━━━
[2026-06-12 00:57:52] ⚠️  Configured BACKUP_ROOT (/backups/campus_connect) is not writable. Falling back to /home/krotrn/backups/campus_connect
[2026-06-12 00:57:52] ✅ Pre-flight passed → /home/krotrn/backups/campus_connect/daily/20260612_005751
[2026-06-12 00:57:52] ── PostgreSQL dump …
[2026-06-12 00:57:52] ✅ PostgreSQL → 9.0KiB → /home/krotrn/backups/campus_connect/daily/20260612_005751/postgres_campus_connect_20260612_005751.sql.gz
[2026-06-12 00:57:52] ── MinIO sync …
[2026-06-12 00:57:52] ❌ MinIO mirror failed
[2026-06-12 00:58:02] ━━━━━━━━━━━━━━━━━━━━━━━━━━━━━━━━━━━━━━━━━━━━━━━━━━━━
[2026-06-12 00:58:02] Campus Connect Backup — DAILY — 20260612_005802
[2026-06-12 00:58:02] ━━━━━━━━━━━━━━━━━━━━━━━━━━━━━━━━━━━━━━━━━━━━━━━━━━━━
[2026-06-12 00:58:02] ⚠️  Configured BACKUP_ROOT (/backups/campus_connect) is not writable. Falling back to /home/krotrn/backups/campus_connect
[2026-06-12 00:58:02] ✅ Pre-flight passed → /home/krotrn/backups/campus_connect/daily/20260612_005802
[2026-06-12 00:58:02] ── PostgreSQL dump …
[2026-06-12 00:58:02] ✅ PostgreSQL → 9.0KiB → /home/krotrn/backups/campus_connect/daily/20260612_005802/postgres_campus_connect_20260612_005802.sql.gz
[2026-06-12 00:58:02] ── MinIO sync …
[2026-06-12 00:58:02] ❌ MinIO mirror failed
[2026-06-12 00:58:16] ━━━━━━━━━━━━━━━━━━━━━━━━━━━━━━━━━━━━━━━━━━━━━━━━━━━━
[2026-06-12 00:58:16] Campus Connect Backup — DAILY — 20260612_005816
[2026-06-12 00:58:16] ━━━━━━━━━━━━━━━━━━━━━━━━━━━━━━━━━━━━━━━━━━━━━━━━━━━━
[2026-06-12 00:58:16] ⚠️  Configured BACKUP_ROOT (/backups/campus_connect) is not writable. Falling back to /home/krotrn/backups/campus_connect
[2026-06-12 00:58:16] ✅ Pre-flight passed → /home/krotrn/backups/campus_connect/daily/20260612_005816
[2026-06-12 00:58:16] ── PostgreSQL dump …
[2026-06-12 00:58:16] ✅ PostgreSQL → 9.0KiB → /home/krotrn/backups/campus_connect/daily/20260612_005816/postgres_campus_connect_20260612_005816.sql.gz
[2026-06-12 00:58:16] ── MinIO sync …
[2026-06-12 00:58:16] ❌ MinIO mirror failed
[2026-06-12 00:58:26] ━━━━━━━━━━━━━━━━━━━━━━━━━━━━━━━━━━━━━━━━━━━━━━━━━━━━
[2026-06-12 00:58:26] Campus Connect Backup — DAILY — 20260612_005826
[2026-06-12 00:58:26] ━━━━━━━━━━━━━━━━━━━━━━━━━━━━━━━━━━━━━━━━━━━━━━━━━━━━
[2026-06-12 00:58:27] ✅ Pre-flight passed → /home/krotrn/backups/campus_connect/daily/20260612_005826
[2026-06-12 00:58:27] ── PostgreSQL dump …
[2026-06-12 00:58:27] ✅ PostgreSQL → 9.0KiB → /home/krotrn/backups/campus_connect/daily/20260612_005826/postgres_campus_connect_20260612_005826.sql.gz
[2026-06-12 00:58:27] ── MinIO sync …
[2026-06-12 00:58:27] ❌ MinIO mirror failed
[2026-06-12 00:58:34] ━━━━━━━━━━━━━━━━━━━━━━━━━━━━━━━━━━━━━━━━━━━━━━━━━━━━
[2026-06-12 00:58:34] Campus Connect Backup — DAILY — 20260612_005834
[2026-06-12 00:58:34] ━━━━━━━━━━━━━━━━━━━━━━━━━━━━━━━━━━━━━━━━━━━━━━━━━━━━
[2026-06-12 00:58:34] ⚠️  Configured BACKUP_ROOT (/invalid/path) is not writable. Falling back to /nonexistent/backups/campus_connect
[2026-06-12 00:58:34] ❌ Backup root directory (/nonexistent/backups/campus_connect) is not writable and fallback failed
[2026-06-12 00:58:43] ━━━━━━━━━━━━━━━━━━━━━━━━━━━━━━━━━━━━━━━━━━━━━━━━━━━━
[2026-06-12 00:58:43] Campus Connect Backup — DAILY — 20260612_005843
[2026-06-12 00:58:43] ━━━━━━━━━━━━━━━━━━━━━━━━━━━━━━━━━━━━━━━━━━━━━━━━━━━━
[2026-06-12 00:58:43] ⚠️  Configured BACKUP_ROOT (/backups/campus_connect) is not writable. Falling back to /home/krotrn/backups/campus_connect
[2026-06-12 00:58:43] ✅ Pre-flight passed → /home/krotrn/backups/campus_connect/daily/20260612_005843
[2026-06-12 00:58:43] ── PostgreSQL dump …
[2026-06-12 00:58:44] ✅ PostgreSQL → 9.0KiB → /home/krotrn/backups/campus_connect/daily/20260612_005843/postgres_campus_connect_20260612_005843.sql.gz
[2026-06-12 00:58:44] ── MinIO sync …
[2026-06-12 00:58:44] ❌ MinIO mirror failed
[2026-06-12 01:00:07] ━━━━━━━━━━━━━━━━━━━━━━━━━━━━━━━━━━━━━━━━━━━━━━━━━━━━
[2026-06-12 01:00:07] Campus Connect Backup — DAILY — 20260612_010007
[2026-06-12 01:00:07] ━━━━━━━━━━━━━━━━━━━━━━━━━━━━━━━━━━━━━━━━━━━━━━━━━━━━
[2026-06-12 01:00:07] ⚠️  Configured BACKUP_ROOT (/backups/campus_connect) is not writable. Falling back to /home/krotrn/backups/campus_connect
[2026-06-12 01:00:07] ✅ Pre-flight passed → /home/krotrn/backups/campus_connect/daily/20260612_010007
[2026-06-12 01:00:07] ── PostgreSQL dump …
[2026-06-12 01:00:07] ✅ PostgreSQL → 9.0KiB → /home/krotrn/backups/campus_connect/daily/20260612_010007/postgres_campus_connect_20260612_010007.sql.gz
[2026-06-12 01:00:07] ── MinIO sync …
[2026-06-12 01:00:08] ❌ MinIO mirror failed
[2026-06-12 01:01:20] ━━━━━━━━━━━━━━━━━━━━━━━━━━━━━━━━━━━━━━━━━━━━━━━━━━━━
[2026-06-12 01:01:20] Campus Connect Backup — DAILY — 20260612_010120
[2026-06-12 01:01:20] ━━━━━━━━━━━━━━━━━━━━━━━━━━━━━━━━━━━━━━━━━━━━━━━━━━━━
[2026-06-12 01:01:21] ⚠️  Configured BACKUP_ROOT (/backups/campus_connect) is not writable. Falling back to /home/krotrn/backups/campus_connect
[2026-06-12 01:01:21] ✅ Pre-flight passed → /home/krotrn/backups/campus_connect/daily/20260612_010120
[2026-06-12 01:01:21] ── PostgreSQL dump …
[2026-06-12 01:01:21] ✅ PostgreSQL → 9.0KiB → /home/krotrn/backups/campus_connect/daily/20260612_010120/postgres_campus_connect_20260612_010120.sql.gz
[2026-06-12 01:01:21] ── MinIO sync …
[2026-06-12 01:01:21] ❌ MinIO mirror failed
[2026-06-12 01:22:49] ━━━━━━━━━━━━━━━━━━━━━━━━━━━━━━━━━━━━━━━━━━━━━━━━━━━━
[2026-06-12 01:22:49] Campus Connect Backup — DAILY — 20260612_012249
[2026-06-12 01:22:49] ━━━━━━━━━━━━━━━━━━━━━━━━━━━━━━━━━━━━━━━━━━━━━━━━━━━━
[2026-06-12 01:22:49] ⚠️  Configured BACKUP_ROOT (/backups/campus_connect) is not writable. Falling back to /home/krotrn/backups/campus_connect
[2026-06-12 01:22:49] ✅ Pre-flight passed → /home/krotrn/backups/campus_connect/daily/20260612_012249
[2026-06-12 01:22:49] ── PostgreSQL dump …
[2026-06-12 01:22:49] ✅ PostgreSQL → 9.0KiB → /home/krotrn/backups/campus_connect/daily/20260612_012249/postgres_campus_connect_20260612_012249.sql.gz
[2026-06-12 01:22:49] ── MinIO sync …
[2026-06-12 01:22:50] ❌ MinIO mirror failed
[2026-06-12 01:24:45] ━━━━━━━━━━━━━━━━━━━━━━━━━━━━━━━━━━━━━━━━━━━━━━━━━━━━
[2026-06-12 01:24:45] Campus Connect Backup — DAILY — 20260612_012444
[2026-06-12 01:24:45] ━━━━━━━━━━━━━━━━━━━━━━━━━━━━━━━━━━━━━━━━━━━━━━━━━━━━
[2026-06-12 01:24:45] ✅ Pre-flight passed → /home/krotrn/backups/campus_connect/daily/20260612_012444
[2026-06-12 01:24:45] ── PostgreSQL dump …
[2026-06-12 01:24:45] ✅ PostgreSQL → 9.0KiB → /home/krotrn/backups/campus_connect/daily/20260612_012444/postgres_campus_connect_20260612_012444.sql.gz
[2026-06-12 01:24:45] ── MinIO sync …
[2026-06-12 01:24:45] ✅ MinIO → 0 objects → /home/krotrn/backups/campus_connect/daily/20260612_012444/minio
[2026-06-12 01:24:45] ── Redis snapshot …
[2026-06-12 01:24:46] ✅ Redis → 351B → /home/krotrn/backups/campus_connect/daily/20260612_012444/redis_20260612_012444.rdb.gz
[2026-06-12 01:24:47] ✅ Manifest written
[2026-06-12 01:24:47] ── Cleaning old backups …
[2026-06-12 01:24:47] ✅ Kept last 7 daily backups
[2026-06-12 01:24:47] ✅ Kept last 4 weekly backups
[2026-06-12 01:24:47] ✅ Kept last 6 monthly backups
[2026-06-12 01:24:47] ━━━━━━━━━━━━━━━━━━━━━━━━━━━━━━━━━━━━━━━━━━━━━━━━━━━━
[2026-06-12 01:24:47] ✅ Backup complete in 2s — 28K — /home/krotrn/backups/campus_connect/daily/20260612_012444
[2026-06-12 01:24:47] ━━━━━━━━━━━━━━━━━━━━━━━━━━━━━━━━━━━━━━━━━━━━━━━━━━━━
[2026-06-12 01:36:53] ━━━━━━━━━━━━━━━━━━━━━━━━━━━━━━━━━━━━━━━━━━━━━━━━━━━━
[2026-06-12 01:36:53] Campus Connect Backup — DAILY — 20260612_013652
[2026-06-12 01:36:53] ━━━━━━━━━━━━━━━━━━━━━━━━━━━━━━━━━━━━━━━━━━━━━━━━━━━━
[2026-06-12 01:36:53] ✅ Pre-flight passed → /home/krotrn/backups/campus_connect/daily/20260612_013652
[2026-06-12 01:36:53] ── PostgreSQL dump …
[2026-06-12 01:36:53] ✅ PostgreSQL → 9.0KiB → /home/krotrn/backups/campus_connect/daily/20260612_013652/postgres_campus_connect_20260612_013652.sql.gz
[2026-06-12 01:36:53] ── MinIO sync …
[2026-06-12 01:37:04] ✅ MinIO → 0 objects → /home/krotrn/backups/campus_connect/daily/20260612_013652/minio
[2026-06-12 01:37:04] ── Redis snapshot …
[2026-06-12 01:37:05] ✅ Redis → 350B → /home/krotrn/backups/campus_connect/daily/20260612_013652/redis_20260612_013652.rdb.gz
[2026-06-12 01:37:05] ✅ Manifest written
[2026-06-12 01:37:05] ── Cleaning old backups …
[2026-06-12 01:37:05] ✅ Kept last 7 daily backups
[2026-06-12 01:37:05] ✅ Kept last 4 weekly backups
[2026-06-12 01:37:05] ✅ Kept last 6 monthly backups
[2026-06-12 01:37:05] ━━━━━━━━━━━━━━━━━━━━━━━━━━━━━━━━━━━━━━━━━━━━━━━━━━━━
[2026-06-12 01:37:05] ✅ Backup complete in 12s — 28K — /home/krotrn/backups/campus_connect/daily/20260612_013652
[2026-06-12 01:37:05] ━━━━━━━━━━━━━━━━━━━━━━━━━━━━━━━━━━━━━━━━━━━━━━━━━━━━
[2026-06-12 01:39:41] ━━━━━━━━━━━━━━━━━━━━━━━━━━━━━━━━━━━━━━━━━━━━━━━━━━━━
[2026-06-12 01:39:41] Campus Connect Backup — DAILY — 20260612_013941
[2026-06-12 01:39:41] ━━━━━━━━━━━━━━━━━━━━━━━━━━━━━━━━━━━━━━━━━━━━━━━━━━━━
[2026-06-12 01:39:42] ✅ Pre-flight passed → /home/krotrn/backups/campus_connect/daily/20260612_013941
[2026-06-12 01:39:42] ── PostgreSQL dump …
[2026-06-12 01:39:42] ✅ PostgreSQL → 9.0KiB → /home/krotrn/backups/campus_connect/daily/20260612_013941/postgres_campus_connect_20260612_013941.sql.gz
[2026-06-12 01:39:42] ── MinIO sync …
[2026-06-12 01:39:53] ✅ MinIO → 1 objects → /home/krotrn/backups/campus_connect/daily/20260612_013941/minio
[2026-06-12 01:39:53] ── Redis snapshot …
[2026-06-12 01:39:54] ✅ Redis → 355B → /home/krotrn/backups/campus_connect/daily/20260612_013941/redis_20260612_013941.rdb.gz
[2026-06-12 01:39:54] ✅ Manifest written
[2026-06-12 01:39:54] ── Cleaning old backups …
[2026-06-12 01:39:54] ✅ Kept last 7 daily backups
[2026-06-12 01:39:54] ✅ Kept last 4 weekly backups
[2026-06-12 01:39:54] ✅ Kept last 6 monthly backups
[2026-06-12 01:39:54] ━━━━━━━━━━━━━━━━━━━━━━━━━━━━━━━━━━━━━━━━━━━━━━━━━━━━
[2026-06-12 01:39:54] ✅ Backup complete in 13s — 32K — /home/krotrn/backups/campus_connect/daily/20260612_013941
[2026-06-12 01:39:54] ━━━━━━━━━━━━━━━━━━━━━━━━━━━━━━━━━━━━━━━━━━━━━━━━━━━━
[2026-06-12 01:40:47] ━━━━━━━━━━━━━━━━━━━━━━━━━━━━━━━━━━━━━━━━━━━━━━━━━━━━
[2026-06-12 01:40:47] Campus Connect Backup — DAILY — 20260612_014047
[2026-06-12 01:40:47] ━━━━━━━━━━━━━━━━━━━━━━━━━━━━━━━━━━━━━━━━━━━━━━━━━━━━
[2026-06-12 01:40:47] ✅ Pre-flight passed → /home/krotrn/backups/campus_connect/daily/20260612_014047
[2026-06-12 01:40:47] ── PostgreSQL dump …
[2026-06-12 01:40:47] ✅ PostgreSQL → 9.0KiB → /home/krotrn/backups/campus_connect/daily/20260612_014047/postgres_campus_connect_20260612_014047.sql.gz
[2026-06-12 01:40:47] ── MinIO sync …
[2026-06-12 01:40:59] ✅ MinIO → 1 objects → /home/krotrn/backups/campus_connect/daily/20260612_014047/minio
[2026-06-12 01:40:59] ── Redis snapshot …
[2026-06-12 01:41:00] ✅ Redis → 285B → /home/krotrn/backups/campus_connect/daily/20260612_014047/redis_20260612_014047.rdb.gz
[2026-06-12 01:41:00] ✅ Manifest written
[2026-06-12 01:41:00] ── Cleaning old backups …
[2026-06-12 01:41:00] ✅ Kept last 7 daily backups
[2026-06-12 01:41:00] ✅ Kept last 4 weekly backups
[2026-06-12 01:41:00] ✅ Kept last 6 monthly backups
[2026-06-12 01:41:00] ━━━━━━━━━━━━━━━━━━━━━━━━━━━━━━━━━━━━━━━━━━━━━━━━━━━━
[2026-06-12 01:41:00] ✅ Backup complete in 13s — 32K — /home/krotrn/backups/campus_connect/daily/20260612_014047
[2026-06-12 01:41:00] ━━━━━━━━━━━━━━━━━━━━━━━━━━━━━━━━━━━━━━━━━━━━━━━━━━━━
